demos/gl/buildout/outputs/logs/manifest-merger-debug-report.txt
-- Merging decision tree log ---
manifest
ADDED from src/main/AndroidManifest.xml:16:1-50:12
INJECTED from src/main/AndroidManifest.xml:16:1-50:12
INJECTED from src/main/AndroidManifest.xml:16:1-50:12
INJECTED from src/main/AndroidManifest.xml:16:1-50:12
MERGED from [:library-dash] AndroidManifest.xml:17:1-24:12
MERGED from [:library-hls] AndroidManifest.xml:17:1-24:12
MERGED from [:library-rtsp] AndroidManifest.xml:17:1-24:12
MERGED from [:library-smoothstreaming] AndroidManifest.xml:17:1-24:12
MERGED from [:library-ui] AndroidManifest.xml:17:1-24:12
MERGED from [:library-core] AndroidManifest.xml:17:1-26:12
MERGED from [:library-extractor] AndroidManifest.xml:17:1-24:12
MERGED from [:library-common] AndroidManifest.xml:17:1-26:12
MERGED from [androidx.recyclerview:recyclerview:1.2.1] AndroidManifest.xml:17:1-24:12
MERGED from [androidx.media:media:1.3.1] AndroidManifest.xml:17:1-30:12
MERGED from [androidx.customview:customview:1.0.0] AndroidManifest.xml:17:1-22:12
MERGED from [androidx.core:core:1.3.2] AndroidManifest.xml:17:1-26:12
MERGED from [androidx.versionedparcelable:versionedparcelable:1.1.0] AndroidManifest.xml:17:1-27:12
MERGED from [androidx.lifecycle:lifecycle-runtime:2.0.0] AndroidManifest.xml:17:1-22:12
INJECTED from src/main/AndroidManifest.xml:16:1-50:12
INJECTED from src/main/AndroidManifest.xml:16:1-50:12
INJECTED from src/main/AndroidManifest.xml:16:1-50:12
	package
		ADDED from src/main/AndroidManifest.xml:17:5-51
		INJECTED from src/main/AndroidManifest.xml
		INJECTED from src/main/AndroidManifest.xml
	android:versionName
		INJECTED from src/main/AndroidManifest.xml
		ADDED from src/main/AndroidManifest.xml:16:1-50:12
		INJECTED from src/main/AndroidManifest.xml
	android:versionCode
		INJECTED from src/main/AndroidManifest.xml
		ADDED from src/main/AndroidManifest.xml:16:1-50:12
		INJECTED from src/main/AndroidManifest.xml
	xmlns:android
		ADDED from src/main/AndroidManifest.xml:16:11-69
uses-permission#android.permission.INTERNET
ADDED from src/main/AndroidManifest.xml:19:3-64
	android:name
		ADDED from src/main/AndroidManifest.xml:19:20-62
uses-permission#android.permission.READ_EXTERNAL_STORAGE
ADDED from src/main/AndroidManifest.xml:20:3-77
	android:name
		ADDED from src/main/AndroidManifest.xml:20:20-75
uses-sdk
ADDED from src/main/AndroidManifest.xml:22:3-14
INJECTED from src/main/AndroidManifest.xml:22:3-14
INJECTED from src/main/AndroidManifest.xml:22:3-14
MERGED from [:library-dash] AndroidManifest.xml:20:5-22:41
MERGED from [:library-dash] AndroidManifest.xml:20:5-22:41
MERGED from [:library-hls] AndroidManifest.xml:20:5-22:41
MERGED from [:library-hls] AndroidManifest.xml:20:5-22:41
MERGED from [:library-rtsp] AndroidManifest.xml:20:5-22:41
MERGED from [:library-rtsp] AndroidManifest.xml:20:5-22:41
MERGED from [:library-smoothstreaming] AndroidManifest.xml:20:5-22:41
MERGED from [:library-smoothstreaming] AndroidManifest.xml:20:5-22:41
MERGED from [:library-ui] AndroidManifest.xml:20:5-22:41
MERGED from [:library-ui] AndroidManifest.xml:20:5-22:41
MERGED from [:library-core] AndroidManifest.xml:20:5-22:41
MERGED from [:library-core] AndroidManifest.xml:20:5-22:41
MERGED from [:library-extractor] AndroidManifest.xml:20:5-22:41
MERGED from [:library-extractor] AndroidManifest.xml:20:5-22:41
MERGED from [:library-common] AndroidManifest.xml:20:5-22:41
MERGED from [:library-common] AndroidManifest.xml:20:5-22:41
MERGED from [androidx.recyclerview:recyclerview:1.2.1] AndroidManifest.xml:20:5-22:41
MERGED from [androidx.recyclerview:recyclerview:1.2.1] AndroidManifest.xml:20:5-22:41
MERGED from [androidx.media:media:1.3.1] AndroidManifest.xml:20:5-22:41
MERGED from [androidx.media:media:1.3.1] AndroidManifest.xml:20:5-22:41
MERGED from [androidx.customview:customview:1.0.0] AndroidManifest.xml:20:5-44
MERGED from [androidx.customview:customview:1.0.0] AndroidManifest.xml:20:5-44
MERGED from [androidx.core:core:1.3.2] AndroidManifest.xml:20:5-22:41
MERGED from [androidx.core:core:1.3.2] AndroidManifest.xml:20:5-22:41
MERGED from [androidx.versionedparcelable:versionedparcelable:1.1.0] AndroidManifest.xml:20:5-22:41
MERGED from [androidx.versionedparcelable:versionedparcelable:1.1.0] AndroidManifest.xml:20:5-22:41
MERGED from [androidx.lifecycle:lifecycle-runtime:2.0.0] AndroidManifest.xml:20:5-44
MERGED from [androidx.lifecycle:lifecycle-runtime:2.0.0] AndroidManifest.xml:20:5-44
INJECTED from src/main/AndroidManifest.xml:22:3-14
INJECTED from src/main/AndroidManifest.xml:22:3-14
	android:targetSdkVersion
		INJECTED from src/main/AndroidManifest.xml
		ADDED from src/main/AndroidManifest.xml:22:3-14
		INJECTED from src/main/AndroidManifest.xml
	android:minSdkVersion
		INJECTED from src/main/AndroidManifest.xml
		ADDED from src/main/AndroidManifest.xml:22:3-14
		INJECTED from src/main/AndroidManifest.xml
application
ADDED from src/main/AndroidManifest.xml:24:3-48:17
MERGED from [androidx.core:core:1.3.2] AndroidManifest.xml:24:5-89
MERGED from [androidx.core:core:1.3.2] AndroidManifest.xml:24:5-89
MERGED from [androidx.versionedparcelable:versionedparcelable:1.1.0] AndroidManifest.xml:24:5-25:19
MERGED from [androidx.versionedparcelable:versionedparcelable:1.1.0] AndroidManifest.xml:24:5-25:19
	android:appComponentFactory
		ADDED from [androidx.core:core:1.3.2] AndroidManifest.xml:24:18-86
	android:label
		ADDED from src/main/AndroidManifest.xml:27:7-47
	android:icon
		ADDED from src/main/AndroidManifest.xml:26:7-41
	android:allowBackup
		ADDED from src/main/AndroidManifest.xml:25:7-34
activity#com.google.android.exoplayer2.gldemo.MainActivity
ADDED from src/main/AndroidManifest.xml:29:5-46:16
	android:exported
		ADDED from src/main/AndroidManifest.xml:32:9-32
	android:configChanges
		ADDED from src/main/AndroidManifest.xml:31:9-118
	android:name
		ADDED from src/main/AndroidManifest.xml:30:9-37
intent-filter#action:name:android.intent.action.MAIN+category:name:android.intent.category.LAUNCHER
ADDED from src/main/AndroidManifest.xml:33:7-36:23
action#android.intent.action.MAIN
ADDED from src/main/AndroidManifest.xml:34:9-60
	android:name
		ADDED from src/main/AndroidManifest.xml:34:17-58
category#android.intent.category.LAUNCHER
ADDED from src/main/AndroidManifest.xml:35:9-68
	android:name
		ADDED from src/main/AndroidManifest.xml:35:19-66
intent-filter#action:name:com.google.android.exoplayer.gldemo.action.VIEW+category:name:android.intent.category.DEFAULT+data:scheme:asset+data:scheme:content+data:scheme:file+data:scheme:http+data:scheme:https
ADDED from src/main/AndroidManifest.xml:37:7-45:23
action#com.google.android.exoplayer.gldemo.action.VIEW
ADDED from src/main/AndroidManifest.xml:38:9-81
	android:name
		ADDED from src/main/AndroidManifest.xml:38:17-79
category#android.intent.category.DEFAULT
ADDED from src/main/AndroidManifest.xml:39:9-67
	android:name
		ADDED from src/main/AndroidManifest.xml:39:19-65
data
ADDED from src/main/AndroidManifest.xml:40:9-38
	android:scheme
		ADDED from src/main/AndroidManifest.xml:40:15-36
uses-permission#android.permission.ACCESS_NETWORK_STATE
ADDED from [:library-core] AndroidManifest.xml:24:5-79
MERGED from [:library-common] AndroidManifest.xml:24:5-79
MERGED from [:library-common] AndroidManifest.xml:24:5-79
	android:name
		ADDED from [:library-core] AndroidManifest.xml:24:22-76
queries
ADDED from [androidx.media:media:1.3.1] AndroidManifest.xml:24:5-28:15
intent#action:name:android.media.browse.MediaBrowserService
ADDED from [androidx.media:media:1.3.1] AndroidManifest.xml:25:9-27:18
action#android.media.browse.MediaBrowserService
ADDED from [androidx.media:media:1.3.1] AndroidManifest.xml:26:13-79
	android:name
		ADDED from [androidx.media:media:1.3.1] AndroidManifest.xml:26:21-76